Plugins:
Bundled analyzers:
  - JaCoCo 1.3.0.1538 (jacoco)
  - IaC Code Quality and Security 1.36.0.12431 (iac)
  - Text Code Quality and Security 2.16.0.4008 (text)
  - Clean as You Code 2.4.0.2018 (cayc)
  - XML Code Quality and Security 2.10.0.4108 (xml)
Global server settings:
  - sonar.azureresourcemanager.file.suffixes=.bicep
  - sonar.core.id=147B411E-AZKE_Nf-QX7u0QoCRT0A
  - sonar.core.startTime=2024-11-01T20:44:03+0000
  - sonar.cs.file.suffixes=.cs,.razor
  - sonar.css.file.suffixes=.css,.less,.scss,.sass
  - sonar.docker.file.patterns=Dockerfile,*.dockerfile
  - sonar.flex.file.suffixes=as
  - sonar.forceAuthentication=true
  - sonar.go.file.suffixes=.go
  - sonar.html.file.suffixes=.html,.xhtml,.cshtml,.vbhtml,.aspx,.ascx,.rhtml,.erb,.shtm,.shtml,.cmp,.twig
  - sonar.ipynb.file.suffixes=ipynb
  - sonar.java.file.suffixes=.java,.jav
  - sonar.java.jvmframeworkconfig.file.patterns=**/src/main/resources/**/application*.properties,**/src/main/resources/**/application*.yaml,**/src/main/resources/**/application*.yml
  - sonar.javascript.file.suffixes=.js,.jsx,.cjs,.mjs,.vue
  - sonar.json.file.suffixes=.json
  - sonar.jsp.file.suffixes=.jsp,.jspf,.jspx
  - sonar.kotlin.file.suffixes=.kt,.kts
  - sonar.php.file.suffixes=php,php3,php4,php5,phtml,inc
  - sonar.python.file.suffixes=py
  - sonar.qualityProfiles.allowDisableInheritedRules=true
  - sonar.ruby.file.suffixes=.rb
  - sonar.scala.file.suffixes=.scala
  - sonar.terraform.file.suffixes=.tf
  - sonar.typescript.file.suffixes=.ts,.tsx,.cts,.mts
  - sonar.vbnet.file.suffixes=.vb
  - sonar.xml.file.suffixes=.xml,.xsd,.xsl,.config
  - sonar.yaml.file.suffixes=.yaml,.yml
Project server settings:
  - sonar.azureresourcemanager.file.suffixes=.bicep
  - sonar.cs.file.suffixes=.cs,.razor
  - sonar.css.file.suffixes=.css,.less,.scss,.sass
  - sonar.docker.file.patterns=Dockerfile,*.dockerfile
  - sonar.flex.file.suffixes=as
  - sonar.go.file.suffixes=.go
  - sonar.html.file.suffixes=.html,.xhtml,.cshtml,.vbhtml,.aspx,.ascx,.rhtml,.erb,.shtm,.shtml,.cmp,.twig
  - sonar.ipynb.file.suffixes=ipynb
  - sonar.java.file.suffixes=.java,.jav
  - sonar.java.jvmframeworkconfig.file.patterns=**/src/main/resources/**/application*.properties,**/src/main/resources/**/application*.yaml,**/src/main/resources/**/application*.yml
  - sonar.javascript.file.suffixes=.js,.jsx,.cjs,.mjs,.vue
  - sonar.json.file.suffixes=.json
  - sonar.jsp.file.suffixes=.jsp,.jspf,.jspx
  - sonar.kotlin.file.suffixes=.kt,.kts
  - sonar.php.file.suffixes=php,php3,php4,php5,phtml,inc
  - sonar.python.file.suffixes=py
  - sonar.ruby.file.suffixes=.rb
  - sonar.scala.file.suffixes=.scala
  - sonar.terraform.file.suffixes=.tf
  - sonar.typescript.file.suffixes=.ts,.tsx,.cts,.mts
  - sonar.vbnet.file.suffixes=.vb
  - sonar.xml.file.suffixes=.xml,.xsd,.xsl,.config
  - sonar.yaml.file.suffixes=.yaml,.yml
Project scanner properties:
  - sonar.binaries=C:\Users\lilou\Bureau\MEL\TP MEL M2\Java-Minesweeper-Game\target\classes
  - sonar.groovy.binaries=C:\Users\lilou\Bureau\MEL\TP MEL M2\Java-Minesweeper-Game\target\classes
  - sonar.host.url=http://localhost:9003
  - sonar.java.binaries=C:\Users\lilou\Bureau\MEL\TP MEL M2\Java-Minesweeper-Game\target\classes
  - sonar.java.enablePreview=false
  - sonar.java.jdkHome=C:\Program Files\Java\jdk-17
  - sonar.java.libraries=C:\Users\lilou\.m2\repository\org\sonarsource\scanner\maven\sonar-maven-plugin\4.0.0.4121\sonar-maven-plugin-4.0.0.4121.jar,C:\Users\lilou\.m2\repository\org\sonatype\plexus\plexus-sec-dispatcher\1.4\plexus-sec-dispatcher-1.4.jar,C:\Users\lilou\.m2\repository\org\codehaus\plexus\plexus-utils\1.5.5\plexus-utils-1.5.5.jar,C:\Users\lilou\.m2\repository\org\sonatype\plexus\plexus-cipher\1.4\plexus-cipher-1.4.jar,C:\Users\lilou\.m2\repository\org\sonarsource\scanner\api\sonar-scanner-api\2.16.3.1081\sonar-scanner-api-2.16.3.1081.jar,C:\Users\lilou\.m2\repository\commons-lang\commons-lang\2.6\commons-lang-2.6.jar
  - sonar.java.source=11
  - sonar.java.target=11
  - sonar.java.test.binaries=C:\Users\lilou\Bureau\MEL\TP MEL M2\Java-Minesweeper-Game\target\test-classes
  - sonar.java.test.libraries=C:\Users\lilou\Bureau\MEL\TP MEL M2\Java-Minesweeper-Game\target\classes,C:\Users\lilou\.m2\repository\org\sonarsource\scanner\maven\sonar-maven-plugin\4.0.0.4121\sonar-maven-plugin-4.0.0.4121.jar,C:\Users\lilou\.m2\repository\org\sonatype\plexus\plexus-sec-dispatcher\1.4\plexus-sec-dispatcher-1.4.jar,C:\Users\lilou\.m2\repository\org\codehaus\plexus\plexus-utils\1.5.5\plexus-utils-1.5.5.jar,C:\Users\lilou\.m2\repository\org\sonatype\plexus\plexus-cipher\1.4\plexus-cipher-1.4.jar,C:\Users\lilou\.m2\repository\org\sonarsource\scanner\api\sonar-scanner-api\2.16.3.1081\sonar-scanner-api-2.16.3.1081.jar,C:\Users\lilou\.m2\repository\commons-lang\commons-lang\2.6\commons-lang-2.6.jar,C:\Users\lilou\.m2\repository\org\assertj\assertj-swing-junit\3.17.1\assertj-swing-junit-3.17.1.jar,C:\Users\lilou\.m2\repository\junit\junit\4.12\junit-4.12.jar,C:\Users\lilou\.m2\repository\org\hamcrest\hamcrest-core\1.3\hamcrest-core-1.3.jar,C:\Users\lilou\.m2\repository\org\assertj\assertj-swing\3.17.1\a...
  - sonar.junit.reportPaths=C:\Users\lilou\Bureau\MEL\TP MEL M2\Java-Minesweeper-Game\target\surefire-reports
  - sonar.junit.reportsPath=C:\Users\lilou\Bureau\MEL\TP MEL M2\Java-Minesweeper-Game\target\surefire-reports
  - sonar.libraries=C:\Users\lilou\.m2\repository\org\sonarsource\scanner\maven\sonar-maven-plugin\4.0.0.4121\sonar-maven-plugin-4.0.0.4121.jar,C:\Users\lilou\.m2\repository\org\sonatype\plexus\plexus-sec-dispatcher\1.4\plexus-sec-dispatcher-1.4.jar,C:\Users\lilou\.m2\repository\org\codehaus\plexus\plexus-utils\1.5.5\plexus-utils-1.5.5.jar,C:\Users\lilou\.m2\repository\org\sonatype\plexus\plexus-cipher\1.4\plexus-cipher-1.4.jar,C:\Users\lilou\.m2\repository\org\sonarsource\scanner\api\sonar-scanner-api\2.16.3.1081\sonar-scanner-api-2.16.3.1081.jar,C:\Users\lilou\.m2\repository\commons-lang\commons-lang\2.6\commons-lang-2.6.jar
  - sonar.links.ci=
  - sonar.links.homepage=
  - sonar.links.issue=
  - sonar.links.scm=
  - sonar.links.scm_dev=
  - sonar.login=******
  - sonar.moduleKey=Java-Minesweeper-Game
  - sonar.projectBaseDir=C:\Users\lilou\Bureau\MEL\TP MEL M2\Java-Minesweeper-Game
  - sonar.projectBuildDir=C:\Users\lilou\Bureau\MEL\TP MEL M2\Java-Minesweeper-Game\target
  - sonar.projectKey=Java-Minesweeper-Game
  - sonar.projectName=Java-Minesweeper-Game
  - sonar.projectVersion=1.0-SNAPSHOT
  - sonar.scanner.app=ScannerMaven
  - sonar.scanner.appVersion=4.0.0.4121/3.9.6
  - sonar.sourceEncoding=UTF-8
  - sonar.sources=C:\Users\lilou\Bureau\MEL\TP MEL M2\Java-Minesweeper-Game\pom.xml,C:\Users\lilou\Bureau\MEL\TP MEL M2\Java-Minesweeper-Game\src\main\java
  - sonar.tests=C:\Users\lilou\Bureau\MEL\TP MEL M2\Java-Minesweeper-Game\src\test\java
  - sonar.verbose=true
  - sonar.working.directory=C:\Users\lilou\Bureau\MEL\TP MEL M2\Java-Minesweeper-Game\target\sonar
